This file contains any messages produced by compilers while
running configure, to aid debugging if configure makes a mistake.

configure:537: checking for gcc
configure:650: checking whether the C compiler (gcc  ) works
configure:666: gcc -o conftest    conftest.c  1>&5
configure:663:1: warning: return type defaults to 'int' [-Wimplicit-int]
 main(){return(0);}
 ^
configure:692: checking whether the C compiler (gcc  ) is a cross-compiler
configure:697: checking whether we are using GNU C
configure:706: gcc -E conftest.c
configure:725: checking whether gcc accepts -g
configure:761: checking for c++
configure:793: checking whether the C++ compiler (c++  ) works
configure:809: c++ -o conftest    conftest.C  1>&5
configure:835: checking whether the C++ compiler (c++  ) is a cross-compiler
configure:840: checking whether we are using GNU C++
configure:849: c++ -E conftest.C
configure:868: checking whether c++ accepts -g
configure:917: gcc -c -O2  conftest.c 1>&5
configure:934: gcc -c -O2  conftest.c 1>&5
configure: In function 'main':
configure:930:1: warning: implicit declaration of function 'exit' [-Wimplicit-function-declaration]
 exit (42);
 ^
configure:930:1: warning: incompatible implicit declaration of built-in function 'exit'
configure:930:1: note: include '<stdlib.h>' or provide a declaration of 'exit'
configure:953: checking for ranlib
configure:981: checking whether make sets ${MAKE}
configure:1045: checking how to run the C++ preprocessor
configure:1063: c++ -E  conftest.C >/dev/null 2>conftest.out
configure:1092: checking for X
configure:1159: c++ -E  conftest.C >/dev/null 2>conftest.out
configure:1235: c++ -o conftest -O2 -Wall   conftest.C -lXt  1>&5
configure: In function 'int main()':
configure:1231:10: error: 'XtMalloc' was not declared in this scope
 ${x_direct_test_function}()
          ^
configure: failed program was:
#line 1228 "configure"
#include "confdefs.h"

int main() {
XtMalloc()
; return 0; }
configure:1982: checking for vsnprintf
configure:2013: c++ -o conftest -O2 -Wall   conftest.C  1>&5
configure:2037: checking for socklen_t
configure:2048: c++ -c -O2 -Wall  conftest.C 1>&5
